Script started on 2018-10-01 20:50:13-0700
]0;shwetasinghal@ubuntu: ~/cs6210Project1_test-master/test/cpu[01;32mshwetasinghal@ubuntu[00m:[01;34m~/cs6210Project1_test-master/test/cpu[00m$ python monitor.py 
firsttest: ([(0, 1, 29200000000L, 0)], [(True, False)])
secondtest: ([(0, 1, 29940000000L, 0)], [(True, False)])
thirdtest: ([(0, 1, 27680000000L, 1)], [(False, True)])
fourthtest: ([(0, 1, 27950000000L, 1)], [(False, True)])
fifthtest: ([(0, 1, 27080000000L, 1)], [(False, True)])
sixthtest: ([(0, 1, 27180000000L, 0)], [(True, False)])
seventhtest: ([(0, 1, 28580000000L, 1)], [(False, True)])
eightthtest: ([(0, 1, 27430000000L, 0)], [(True, False)])
--------------------------------------------------------------------------------
0: 0.0 []
1: 0.0 []
--------------------------------------------------------------------------------
firsttest: ([(0, 1, 29210000000L, 0)], [(True, False)])
secondtest: ([(0, 1, 29940000000L, 0)], [(True, False)])
thirdtest: ([(0, 1, 27680000000L, 1)], [(False, True)])
fourthtest: ([(0, 1, 27950000000L, 1)], [(False, True)])
fifthtest: ([(0, 1, 27080000000L, 1)], [(False, True)])
sixthtest: ([(0, 1, 27180000000L, 0)], [(True, False)])
seventhtest: ([(0, 1, 28610000000L, 1)], [(False, True)])
eightthtest: ([(0, 1, 27430000000L, 0)], [(True, False)])
--------------------------------------------------------------------------------
0: 1.0 ['firsttest', 'secondtest', 'sixthtest', 'eightthtest']
1: 3.0 ['thirdtest', 'fourthtest', 'fifthtest', 'seventhtest']
--------------------------------------------------------------------------------
firsttest: ([(0, 1, 29210000000L, 0)], [(True, False)])
secondtest: ([(0, 1, 29940000000L, 0)], [(True, False)])
thirdtest: ([(0, 1, 27680000000L, 1)], [(False, True)])
fourthtest: ([(0, 1, 27950000000L, 1)], [(False, True)])
fifthtest: ([(0, 1, 27100000000L, 1)], [(False, True)])
sixthtest: ([(0, 1, 27180000000L, 0)], [(True, False)])
seventhtest: ([(0, 1, 28610000000L, 1)], [(False, True)])
eightthtest: ([(0, 1, 27480000000L, 0)], [(True, False)])
--------------------------------------------------------------------------------
0: 5.0 ['firsttest', 'secondtest', 'sixthtest', 'eightthtest']
1: 2.0 ['thirdtest', 'fourthtest', 'fifthtest', 'seventhtest']
--------------------------------------------------------------------------------
firsttest: ([(0, 1, 29210000000L, 0)], [(True, False)])
secondtest: ([(0, 1, 29940000000L, 0)], [(True, False)])
thirdtest: ([(0, 1, 27690000000L, 1)], [(False, True)])
fourthtest: ([(0, 1, 27960000000L, 1)], [(False, True)])
fifthtest: ([(0, 1, 27100000000L, 1)], [(False, True)])
sixthtest: ([(0, 1, 27190000000L, 0)], [(True, False)])
seventhtest: ([(0, 1, 28620000000L, 1)], [(False, True)])
eightthtest: ([(0, 1, 27480000000L, 0)], [(True, False)])
--------------------------------------------------------------------------------
0: 1.0 ['firsttest', 'secondtest', 'sixthtest', 'eightthtest']
1: 3.0 ['thirdtest', 'fourthtest', 'fifthtest', 'seventhtest']
--------------------------------------------------------------------------------
^CTraceback (most recent call last):
  File "monitor.py", line 72, in <module>
    s.run()
  File "/usr/lib/python2.7/sched.py", line 111, in run
    delayfunc(time - now)
KeyboardInterrupt
]0;shwetasinghal@ubuntu: ~/cs6210Project1_test-master/test/cpu[01;32mshwetasinghal@ubuntu[00m:[01;34m~/cs6210Project1_test-master/test/cpu[00m$ exit
exit

Script done on 2018-10-01 20:50:30-0700
